<?xml version="1.0" encoding="UTF-8"?>
<testsuite name="com.mindex.challenge.service.impl.ReportingStructureServiceImplTest" tests="1" skipped="0" failures="0" errors="0" timestamp="2025-01-31T19:24:57" hostname="DESKTOP-0RQBT9O" time="0.095">
  <properties/>
  <testcase name="testReportingStructure" classname="com.mindex.challenge.service.impl.ReportingStructureServiceImplTest" time="0.095"/>
  <system-out><![CDATA[2025-01-31T13:24:57.361-06:00  INFO 18744 --- [    Test worker] t.c.s.AnnotationConfigContextLoaderUtils : Could not detect default configuration classes for test class [com.mindex.challenge.service.impl.ReportingStructureServiceImplTest]: ReportingStructureServiceImplTest does not declare any static, non-private, non-final, nested classes annotated with @Configuration.
2025-01-31T13:24:57.362-06:00  INFO 18744 --- [    Test worker] .b.t.c.SpringBootTestContextBootstrapper : Found @SpringBootConfiguration com.mindex.challenge.ChallengeApplication for test class com.mindex.challenge.service.impl.ReportingStructureServiceImplTest
2025-01-31T13:24:57.376-06:00 DEBUG 18744 --- [o-auto-1-exec-8] c.m.c.controller.EmployeeController      : Received employee read request for [com.mindex.challenge.data.Employee@463736c2]
2025-01-31T13:24:57.376-06:00 DEBUG 18744 --- [o-auto-1-exec-8] c.m.c.service.impl.EmployeeServiceImpl   : Creating employee [null]
2025-01-31T13:24:57.391-06:00 DEBUG 18744 --- [o-auto-1-exec-9] c.m.c.controller.EmployeeController      : Received employee read request for [com.mindex.challenge.data.Employee@39a979dc]
2025-01-31T13:24:57.392-06:00 DEBUG 18744 --- [o-auto-1-exec-9] c.m.c.service.impl.EmployeeServiceImpl   : Creating employee [null]
2025-01-31T13:24:57.407-06:00 DEBUG 18744 --- [-auto-1-exec-10] c.m.c.controller.EmployeeController      : Received employee read request for [com.mindex.challenge.data.Employee@868ae3e]
2025-01-31T13:24:57.408-06:00 DEBUG 18744 --- [-auto-1-exec-10] c.m.c.service.impl.EmployeeServiceImpl   : Creating employee [null]
2025-01-31T13:24:57.422-06:00 DEBUG 18744 --- [o-auto-1-exec-1] c.m.c.controller.EmployeeController      : Received employee read request for [com.mindex.challenge.data.Employee@6947a25c]
2025-01-31T13:24:57.422-06:00 DEBUG 18744 --- [o-auto-1-exec-1] c.m.c.service.impl.EmployeeServiceImpl   : Creating employee [null]
2025-01-31T13:24:57.438-06:00 DEBUG 18744 --- [o-auto-1-exec-2] c.m.c.controller.EmployeeController      : Received employee read request for [com.mindex.challenge.data.Employee@11c25e41]
2025-01-31T13:24:57.438-06:00 DEBUG 18744 --- [o-auto-1-exec-2] c.m.c.service.impl.EmployeeServiceImpl   : Creating employee [null]
2025-01-31T13:24:57.443-06:00 DEBUG 18744 --- [o-auto-1-exec-3] c.m.c.controller.EmployeeController      : Received employee reporting structure lookup request for employee id [029306dd-ac79-4546-a613-c334963fd909]
2025-01-31T13:24:57.444-06:00 DEBUG 18744 --- [o-auto-1-exec-3] c.m.c.service.impl.EmployeeServiceImpl   : Retrieving info for employee with id [029306dd-ac79-4546-a613-c334963fd909]
2025-01-31T13:24:57.446-06:00 DEBUG 18744 --- [o-auto-1-exec-3] c.m.c.s.i.ReportingStructureServiceImpl  : Creating reporting structure for employee [029306dd-ac79-4546-a613-c334963fd909]
2025-01-31T13:24:57.450-06:00 DEBUG 18744 --- [o-auto-1-exec-4] c.m.c.controller.EmployeeController      : Received employee reporting structure lookup request for employee id [bd588bc8-5866-4c1a-b0eb-421f060ed934]
2025-01-31T13:24:57.451-06:00 DEBUG 18744 --- [o-auto-1-exec-4] c.m.c.service.impl.EmployeeServiceImpl   : Retrieving info for employee with id [bd588bc8-5866-4c1a-b0eb-421f060ed934]
2025-01-31T13:24:57.453-06:00 DEBUG 18744 --- [o-auto-1-exec-4] c.m.c.s.i.ReportingStructureServiceImpl  : Creating reporting structure for employee [bd588bc8-5866-4c1a-b0eb-421f060ed934]
2025-01-31T13:24:57.455-06:00 DEBUG 18744 --- [o-auto-1-exec-5] c.m.c.controller.EmployeeController      : Received employee reporting structure lookup request for employee id [eb2b1ec8-752f-4f90-9ab1-cd5444c99cce]
2025-01-31T13:24:57.455-06:00 DEBUG 18744 --- [o-auto-1-exec-5] c.m.c.service.impl.EmployeeServiceImpl   : Retrieving info for employee with id [eb2b1ec8-752f-4f90-9ab1-cd5444c99cce]
2025-01-31T13:24:57.457-06:00 DEBUG 18744 --- [o-auto-1-exec-5] c.m.c.s.i.ReportingStructureServiceImpl  : Creating reporting structure for employee [eb2b1ec8-752f-4f90-9ab1-cd5444c99cce]
]]></system-out>
  <system-err><![CDATA[]]></system-err>
</testsuite>
