<?xml version="1.0" encoding="UTF-8"?>
<testsuite name="com.mindex.challenge.service.impl.EmployeeServiceImplTest" tests="1" skipped="0" failures="0" errors="0" timestamp="2025-01-31T21:06:08" hostname="DESKTOP-0RQBT9O" time="0.033">
  <properties/>
  <testcase name="testCreateReadUpdate" classname="com.mindex.challenge.service.impl.EmployeeServiceImplTest" time="0.033"/>
  <system-out><![CDATA[2025-01-31T15:06:08.205-06:00  INFO 10680 --- [    Test worker] t.c.s.AnnotationConfigContextLoaderUtils : Could not detect default configuration classes for test class [com.mindex.challenge.service.impl.EmployeeServiceImplTest]: EmployeeServiceImplTest does not declare any static, non-private, non-final, nested classes annotated with @Configuration.
2025-01-31T15:06:08.206-06:00  INFO 10680 --- [    Test worker] .b.t.c.SpringBootTestContextBootstrapper : Found @SpringBootConfiguration com.mindex.challenge.ChallengeApplication for test class com.mindex.challenge.service.impl.EmployeeServiceImplTest
2025-01-31T15:06:08.227-06:00 DEBUG 10680 --- [o-auto-1-exec-4] c.m.c.controller.EmployeeController      : Received employee read request for [com.mindex.challenge.data.Employee@3dfdea07]
2025-01-31T15:06:08.227-06:00 DEBUG 10680 --- [o-auto-1-exec-4] c.m.c.service.impl.EmployeeServiceImpl   : Creating employee [null]
2025-01-31T15:06:08.231-06:00 DEBUG 10680 --- [o-auto-1-exec-5] c.m.c.controller.EmployeeController      : Received employee read request for id [3c971c7b-e5b8-41ab-a27e-d73f0f8c691d]
2025-01-31T15:06:08.231-06:00 DEBUG 10680 --- [o-auto-1-exec-5] c.m.c.service.impl.EmployeeServiceImpl   : Retrieving info for employee with id [3c971c7b-e5b8-41ab-a27e-d73f0f8c691d]
2025-01-31T15:06:08.237-06:00 DEBUG 10680 --- [o-auto-1-exec-6] c.m.c.controller.EmployeeController      : Received employee read request for id [3c971c7b-e5b8-41ab-a27e-d73f0f8c691d] and employee [com.mindex.challenge.data.Employee@3c8fe04f]
2025-01-31T15:06:08.237-06:00 DEBUG 10680 --- [o-auto-1-exec-6] c.m.c.service.impl.EmployeeServiceImpl   : Updating employee [3c971c7b-e5b8-41ab-a27e-d73f0f8c691d]
]]></system-out>
  <system-err><![CDATA[]]></system-err>
</testsuite>
