<?xml version="1.0" encoding="UTF-8"?>
<testsuite name="com.mindex.challenge.service.impl.ReportingStructureServiceImplTest" tests="1" skipped="0" failures="0" errors="0" timestamp="2025-01-31T21:06:08" hostname="DESKTOP-0RQBT9O" time="0.093">
  <properties/>
  <testcase name="testReportingStructure" classname="com.mindex.challenge.service.impl.ReportingStructureServiceImplTest" time="0.093"/>
  <system-out><![CDATA[2025-01-31T15:06:08.244-06:00  INFO 10680 --- [    Test worker] t.c.s.AnnotationConfigContextLoaderUtils : Could not detect default configuration classes for test class [com.mindex.challenge.service.impl.ReportingStructureServiceImplTest]: ReportingStructureServiceImplTest does not declare any static, non-private, non-final, nested classes annotated with @Configuration.
2025-01-31T15:06:08.246-06:00  INFO 10680 --- [    Test worker] .b.t.c.SpringBootTestContextBootstrapper : Found @SpringBootConfiguration com.mindex.challenge.ChallengeApplication for test class com.mindex.challenge.service.impl.ReportingStructureServiceImplTest
2025-01-31T15:06:08.258-06:00 DEBUG 10680 --- [o-auto-1-exec-7] c.m.c.controller.EmployeeController      : Received employee read request for [com.mindex.challenge.data.Employee@19fcc5e8]
2025-01-31T15:06:08.258-06:00 DEBUG 10680 --- [o-auto-1-exec-7] c.m.c.service.impl.EmployeeServiceImpl   : Creating employee [null]
2025-01-31T15:06:08.273-06:00 DEBUG 10680 --- [o-auto-1-exec-8] c.m.c.controller.EmployeeController      : Received employee read request for [com.mindex.challenge.data.Employee@531394ca]
2025-01-31T15:06:08.274-06:00 DEBUG 10680 --- [o-auto-1-exec-8] c.m.c.service.impl.EmployeeServiceImpl   : Creating employee [null]
2025-01-31T15:06:08.289-06:00 DEBUG 10680 --- [o-auto-1-exec-9] c.m.c.controller.EmployeeController      : Received employee read request for [com.mindex.challenge.data.Employee@5e324d34]
2025-01-31T15:06:08.290-06:00 DEBUG 10680 --- [o-auto-1-exec-9] c.m.c.service.impl.EmployeeServiceImpl   : Creating employee [null]
2025-01-31T15:06:08.305-06:00 DEBUG 10680 --- [-auto-1-exec-10] c.m.c.controller.EmployeeController      : Received employee read request for [com.mindex.challenge.data.Employee@40d948f7]
2025-01-31T15:06:08.305-06:00 DEBUG 10680 --- [-auto-1-exec-10] c.m.c.service.impl.EmployeeServiceImpl   : Creating employee [null]
2025-01-31T15:06:08.320-06:00 DEBUG 10680 --- [o-auto-1-exec-2] c.m.c.controller.EmployeeController      : Received employee read request for [com.mindex.challenge.data.Employee@219c7e27]
2025-01-31T15:06:08.320-06:00 DEBUG 10680 --- [o-auto-1-exec-2] c.m.c.service.impl.EmployeeServiceImpl   : Creating employee [null]
2025-01-31T15:06:08.326-06:00 DEBUG 10680 --- [o-auto-1-exec-1] c.m.c.controller.EmployeeController      : Received employee reporting structure lookup request for employee id [361815c7-98f0-4000-946e-40ec48b564b8]
2025-01-31T15:06:08.326-06:00 DEBUG 10680 --- [o-auto-1-exec-1] c.m.c.service.impl.EmployeeServiceImpl   : Retrieving info for employee with id [361815c7-98f0-4000-946e-40ec48b564b8]
2025-01-31T15:06:08.328-06:00 DEBUG 10680 --- [o-auto-1-exec-1] c.m.c.s.i.ReportingStructureServiceImpl  : Creating reporting structure for employee [361815c7-98f0-4000-946e-40ec48b564b8]
2025-01-31T15:06:08.333-06:00 DEBUG 10680 --- [o-auto-1-exec-3] c.m.c.controller.EmployeeController      : Received employee reporting structure lookup request for employee id [5a0f8651-d447-497a-8522-1f9683babc44]
2025-01-31T15:06:08.333-06:00 DEBUG 10680 --- [o-auto-1-exec-3] c.m.c.service.impl.EmployeeServiceImpl   : Retrieving info for employee with id [5a0f8651-d447-497a-8522-1f9683babc44]
2025-01-31T15:06:08.335-06:00 DEBUG 10680 --- [o-auto-1-exec-3] c.m.c.s.i.ReportingStructureServiceImpl  : Creating reporting structure for employee [5a0f8651-d447-497a-8522-1f9683babc44]
2025-01-31T15:06:08.337-06:00 DEBUG 10680 --- [o-auto-1-exec-4] c.m.c.controller.EmployeeController      : Received employee reporting structure lookup request for employee id [325e81bf-314b-401b-9eb7-7cde069870b0]
2025-01-31T15:06:08.337-06:00 DEBUG 10680 --- [o-auto-1-exec-4] c.m.c.service.impl.EmployeeServiceImpl   : Retrieving info for employee with id [325e81bf-314b-401b-9eb7-7cde069870b0]
2025-01-31T15:06:08.339-06:00 DEBUG 10680 --- [o-auto-1-exec-4] c.m.c.s.i.ReportingStructureServiceImpl  : Creating reporting structure for employee [325e81bf-314b-401b-9eb7-7cde069870b0]
]]></system-out>
  <system-err><![CDATA[]]></system-err>
</testsuite>
