<?xml version="1.0" encoding="UTF-8"?>
<testsuite name="com.mindex.challenge.service.impl.CompensationServiceImplTest" tests="1" skipped="0" failures="0" errors="0" timestamp="2025-01-31T19:24:57" hostname="DESKTOP-0RQBT9O" time="0.184">
  <properties/>
  <testcase name="testCompensationWorkflow" classname="com.mindex.challenge.service.impl.CompensationServiceImplTest" time="0.184"/>
  <system-out><![CDATA[2025-01-31T13:24:56.585-06:00  INFO 18744 --- [    Test worker] t.c.s.AnnotationConfigContextLoaderUtils : Could not detect default configuration classes for test class [com.mindex.challenge.service.impl.CompensationServiceImplTest]: CompensationServiceImplTest does not declare any static, non-private, non-final, nested classes annotated with @Configuration.
2025-01-31T13:24:56.594-06:00  INFO 18744 --- [    Test worker] .b.t.c.SpringBootTestContextBootstrapper : Found @SpringBootConfiguration com.mindex.challenge.ChallengeApplication for test class com.mindex.challenge.service.impl.CompensationServiceImplTest

  .   ____          _            __ _ _
 /\\ / ___'_ __ _ _(_)_ __  __ _ \ \ \ \
( ( )\___ | '_ | '_| | '_ \/ _` | \ \ \ \
 \\/  ___)| |_)| | | | | || (_| |  ) ) ) )
  '  |____| .__|_| |_|_| |_\__, | / / / /
 =========|_|==============|___/=/_/_/_/
 :: Spring Boot ::                (v3.2.3)

2025-01-31T13:24:56.620-06:00  INFO 18744 --- [    Test worker] c.m.c.s.i.CompensationServiceImplTest    : Starting CompensationServiceImplTest using Java 17.0.12 with PID 18744 (started by agonz in C:\Users\agonz\Documents\mindex-code-challenge)
2025-01-31T13:24:56.621-06:00 DEBUG 18744 --- [    Test worker] c.m.c.s.i.CompensationServiceImplTest    : Running with Spring Boot v3.2.3, Spring v6.1.4
2025-01-31T13:24:56.621-06:00  INFO 18744 --- [    Test worker] c.m.c.s.i.CompensationServiceImplTest    : No active profile set, falling back to 1 default profile: "default"
2025-01-31T13:24:56.711-06:00  INFO 18744 --- [    Test worker] .s.d.r.c.RepositoryConfigurationDelegate : Bootstrapping Spring Data MongoDB repositories in DEFAULT mode.
2025-01-31T13:24:56.715-06:00  INFO 18744 --- [    Test worker] .s.d.r.c.RepositoryConfigurationDelegate : Finished Spring Data repository scanning in 4 ms. Found 2 MongoDB repository interfaces.
2025-01-31T13:24:56.851-06:00  INFO 18744 --- [    Test worker] o.s.b.w.embedded.tomcat.TomcatWebServer  : Tomcat initialized with port 0 (http)
2025-01-31T13:24:56.863-06:00  INFO 18744 --- [    Test worker] o.apache.catalina.core.StandardService   : Starting service [Tomcat]
2025-01-31T13:24:56.864-06:00  INFO 18744 --- [    Test worker] o.apache.catalina.core.StandardEngine    : Starting Servlet engine: [Apache Tomcat/10.1.19]
2025-01-31T13:24:56.918-06:00  INFO 18744 --- [    Test worker] o.a.c.c.C.[Tomcat].[localhost].[/]       : Initializing Spring embedded WebApplicationContext
2025-01-31T13:24:56.919-06:00  INFO 18744 --- [    Test worker] w.s.c.ServletWebServerApplicationContext : Root WebApplicationContext: initialization completed in 296 ms
2025-01-31T13:24:56.996-06:00  INFO 18744 --- [    Test worker] de.bwaldvogel.mongo.MongoServer          : started MongoServer(port: 56657, ssl: false)
2025-01-31T13:24:56.998-06:00  INFO 18744 --- [    Test worker] org.mongodb.driver.client                : MongoClient with metadata {"driver": {"name": "mongo-java-driver|sync", "version": "4.11.1"}, "os": {"type": "Windows", "name": "Windows 10", "architecture": "amd64", "version": "10.0"}, "platform": "Java/Eclipse Adoptium/17.0.12+7"} created with settings MongoClientSettings{readPreference=primary, writeConcern=WriteConcern{w=null, wTimeout=null ms, journal=null}, retryWrites=true, retryReads=true, readConcern=ReadConcern{level=null}, credential=null, transportSettings=null, streamFactoryFactory=null, commandListeners=[], codecRegistry=ProvidersCodecRegistry{codecProviders=[ValueCodecProvider{}, BsonValueCodecProvider{}, DBRefCodecProvider{}, DBObjectCodecProvider{}, DocumentCodecProvider{}, CollectionCodecProvider{}, IterableCodecProvider{}, MapCodecProvider{}, GeoJsonCodecProvider{}, GridFSFileCodecProvider{}, Jsr310CodecProvider{}, JsonObjectCodecProvider{}, BsonCodecProvider{}, EnumCodecProvider{}, com.mongodb.client.model.mql.ExpressionCodecProvider@20801cbb, com.mongodb.Jep395RecordCodecProvider@581b1c08, com.mongodb.KotlinCodecProvider@1c240cf2]}, loggerSettings=LoggerSettings{maxDocumentLength=1000}, clusterSettings={hosts=[127.0.0.1:56657], srvServiceName=mongodb, mode=SINGLE, requiredClusterType=UNKNOWN, requiredReplicaSetName='null', serverSelector='null', clusterListeners='[]', serverSelectionTimeout='30000 ms', localThreshold='15 ms'}, socketSettings=SocketSettings{connectTimeoutMS=10000, readTimeoutMS=0, receiveBufferSize=0, proxySettings=ProxySettings{host=null, port=null, username=null, password=null}}, heartbeatSocketSettings=SocketSettings{connectTimeoutMS=10000, readTimeoutMS=10000, receiveBufferSize=0, proxySettings=ProxySettings{host=null, port=null, username=null, password=null}}, connectionPoolSettings=ConnectionPoolSettings{maxSize=100, minSize=0, maxWaitTimeMS=120000, maxConnectionLifeTimeMS=0, maxConnectionIdleTimeMS=0, maintenanceInitialDelayMS=0, maintenanceFrequencyMS=60000, connectionPoolListeners=[], maxConnecting=2}, serverSettings=ServerSettings{heartbeatFrequencyMS=10000, minHeartbeatFrequencyMS=500, serverListeners='[]', serverMonitorListeners='[]'}, sslSettings=SslSettings{enabled=false, invalidHostNameAllowed=false, context=null}, applicationName='null', compressorList=[], uuidRepresentation=UNSPECIFIED, serverApi=null, autoEncryptionSettings=null, dnsClient=null, inetAddressResolver=null, contextProvider=null}
2025-01-31T13:24:56.999-06:00  INFO 18744 --- [-server-worker1] d.b.mongo.wire.MongoWireProtocolHandler  : client [id: 0xf0a9a21a, L:/127.0.0.1:56657 - R:/127.0.0.1:56658] connected
2025-01-31T13:24:56.999-06:00  INFO 18744 --- [-server-worker2] d.b.mongo.wire.MongoWireProtocolHandler  : client [id: 0xd67d6907, L:/127.0.0.1:56657 - R:/127.0.0.1:56659] connected
2025-01-31T13:24:57.003-06:00  INFO 18744 --- [127.0.0.1:56657] org.mongodb.driver.cluster               : Monitor thread successfully connected to server with description ServerDescription{address=127.0.0.1:56657, type=STANDALONE, state=CONNECTED, ok=true, minWireVersion=0, maxWireVersion=6, maxDocumentSize=16777216, logicalSessionTimeoutMinutes=null, roundTripTimeNanos=3629500}
2025-01-31T13:24:57.050-06:00  INFO 18744 --- [-server-worker3] d.b.mongo.wire.MongoWireProtocolHandler  : client [id: 0x51ca983b, L:/127.0.0.1:56657 - R:/127.0.0.1:56660] connected
2025-01-31T13:24:57.052-06:00  INFO 18744 --- [-server-worker3] d.b.mongo.backend.AbstractMongoBackend   : created database test
2025-01-31T13:24:57.053-06:00  INFO 18744 --- [-server-worker3] d.b.mongo.backend.AbstractMongoDatabase  : adding unique _id index for collection employee
2025-01-31T13:24:57.053-06:00  INFO 18744 --- [-server-worker3] d.b.mongo.backend.AbstractMongoDatabase  : created collection test.employee
2025-01-31T13:24:57.132-06:00  INFO 18744 --- [    Test worker] o.s.b.w.embedded.tomcat.TomcatWebServer  : Tomcat started on port 56661 (http) with context path ''
2025-01-31T13:24:57.134-06:00  INFO 18744 --- [    Test worker] c.m.c.s.i.CompensationServiceImplTest    : Started CompensationServiceImplTest in 0.538 seconds (process running for 3.953)
2025-01-31T13:24:57.224-06:00  INFO 18744 --- [o-auto-1-exec-1] o.a.c.c.C.[Tomcat].[localhost].[/]       : Initializing Spring DispatcherServlet 'dispatcherServlet'
2025-01-31T13:24:57.224-06:00  INFO 18744 --- [o-auto-1-exec-1] o.s.web.servlet.DispatcherServlet        : Initializing Servlet 'dispatcherServlet'
2025-01-31T13:24:57.225-06:00  INFO 18744 --- [o-auto-1-exec-1] o.s.web.servlet.DispatcherServlet        : Completed initialization in 0 ms
2025-01-31T13:24:57.259-06:00 DEBUG 18744 --- [o-auto-1-exec-1] c.m.c.controller.EmployeeController      : Received employee read request for [com.mindex.challenge.data.Employee@3ec90d6e]
2025-01-31T13:24:57.259-06:00 DEBUG 18744 --- [o-auto-1-exec-1] c.m.c.service.impl.EmployeeServiceImpl   : Creating employee [null]
2025-01-31T13:24:57.292-06:00 DEBUG 18744 --- [o-auto-1-exec-2] c.m.c.controller.EmployeeController      : Received read compensation request employee with id [e82240c7-5c8a-410f-ac72-0003f967bce2]. Compensation: [com.mindex.challenge.data.Compensation@b42a97]
2025-01-31T13:24:57.292-06:00 DEBUG 18744 --- [o-auto-1-exec-2] c.m.c.s.impl.CompensationServiceImpl     : Creating compensation [com.mindex.challenge.data.Compensation@b42a97]
2025-01-31T13:24:57.297-06:00  INFO 18744 --- [-server-worker3] d.b.mongo.backend.AbstractMongoDatabase  : adding unique _id index for collection compensation
2025-01-31T13:24:57.298-06:00  INFO 18744 --- [-server-worker3] d.b.mongo.backend.AbstractMongoDatabase  : created collection test.compensation
2025-01-31T13:24:57.303-06:00 DEBUG 18744 --- [o-auto-1-exec-3] c.m.c.controller.EmployeeController      : Received read compensation request for employee id [e82240c7-5c8a-410f-ac72-0003f967bce2]
2025-01-31T13:24:57.303-06:00 DEBUG 18744 --- [o-auto-1-exec-3] c.m.c.s.impl.CompensationServiceImpl     : Reading compensation for employee ID [e82240c7-5c8a-410f-ac72-0003f967bce2]
2025-01-31T13:24:57.315-06:00 DEBUG 18744 --- [o-auto-1-exec-4] c.m.c.controller.EmployeeController      : Received employee update compensation request for employee id [e82240c7-5c8a-410f-ac72-0003f967bce2]
2025-01-31T13:24:57.315-06:00 DEBUG 18744 --- [o-auto-1-exec-4] c.m.c.s.impl.CompensationServiceImpl     : Updating compensation com.mindex.challenge.data.Compensation@4ab03eb9
]]></system-out>
  <system-err><![CDATA[]]></system-err>
</testsuite>
